Benchmark/GBN/app/build/intermediates/manifest_merge_blame_file/fullDebug/manifest-merger-blame-full-debug-report.txt
1<?xml version="1.0" encoding="utf-8"?>
2<manifest xmlns:android="http://schemas.android.com/apk/res/android"
3    package="nodomain.freeyourgadget.gadgetbridge"
4    android:versionCode="213"
5    android:versionName="0.68.0" >
6
7    <uses-sdk
8        android:minSdkVersion="23"
8-->src\main\AndroidManifest.xml
9        android:targetSdkVersion="29" />
9-->src\main\AndroidManifest.xml
10
11    <!--
12        Comment in for testing Pebble Emulator
13        <uses-permission android:name="android.permission.INTERNET" />
14    -->
15    <!-- Used for Bluetooth access -->
16    <uses-permission android:name="android.permission.BLUETOOTH" />
16-->src\main\AndroidManifest.xml:11:5-68
16-->src\main\AndroidManifest.xml:11:22-65
17    <uses-permission android:name="android.permission.BLUETOOTH_ADMIN" />
17-->src\main\AndroidManifest.xml:12:5-74
17-->src\main\AndroidManifest.xml:12:22-71
18    <uses-permission android:name="android.permission.ACCESS_COARSE_LOCATION" />
18-->src\main\AndroidManifest.xml:13:5-81
18-->src\main\AndroidManifest.xml:13:22-78
19
20    <!-- Since Android 10 -->
21    <uses-permission android:name="android.permission.ACCESS_FINE_LOCATION" />
21-->src\main\AndroidManifest.xml:16:5-79
21-->src\main\AndroidManifest.xml:16:22-76
22    <uses-permission android:name="android.permission.ACCESS_BACKGROUND_LOCATION" />
22-->src\main\AndroidManifest.xml:17:5-85
22-->src\main\AndroidManifest.xml:17:22-82
23    <uses-permission android:name="android.permission.READ_CALL_LOG" />
23-->src\main\AndroidManifest.xml:19:5-72
23-->src\main\AndroidManifest.xml:19:22-69
24    <uses-permission android:name="android.permission.READ_PHONE_STATE" />
24-->src\main\AndroidManifest.xml:20:5-75
24-->src\main\AndroidManifest.xml:20:22-72
25    <uses-permission android:name="android.permission.PROCESS_OUTGOING_CALLS" />
25-->src\main\AndroidManifest.xml:21:5-81
25-->src\main\AndroidManifest.xml:21:22-78
26    <uses-permission android:name="android.permission.ACCESS_NOTIFICATION_POLICY" />
26-->src\main\AndroidManifest.xml:22:5-85
26-->src\main\AndroidManifest.xml:22:22-82
27    <uses-permission android:name="android.permission.CALL_PHONE" />
27-->src\main\AndroidManifest.xml:23:5-69
27-->src\main\AndroidManifest.xml:23:22-66
28    <uses-permission android:name="android.permission.ANSWER_PHONE_CALLS" />
28-->src\main\AndroidManifest.xml:24:5-77
28-->src\main\AndroidManifest.xml:24:22-74
29    <uses-permission android:name="android.permission.RECEIVE_SMS" />
29-->src\main\AndroidManifest.xml:25:5-70
29-->src\main\AndroidManifest.xml:25:22-67
30    <uses-permission android:name="android.permission.SEND_SMS" />
30-->src\main\AndroidManifest.xml:26:5-67
30-->src\main\AndroidManifest.xml:26:22-64
31    <uses-permission android:name="android.permission.READ_CONTACTS" />
31-->src\main\AndroidManifest.xml:27:5-72
31-->src\main\AndroidManifest.xml:27:22-69
32    <uses-permission android:name="android.permission.READ_EXTERNAL_STORAGE" />
32-->src\main\AndroidManifest.xml:29:5-80
32-->src\main\AndroidManifest.xml:29:22-77
33    <uses-permission android:name="android.permission.READ_CALENDAR" />
33-->src\main\AndroidManifest.xml:30:5-72
33-->src\main\AndroidManifest.xml:30:22-69
34    <uses-permission android:name="android.permission.MEDIA_CONTENT_CONTROL" />
34-->src\main\AndroidManifest.xml:31:5-33:47
34-->src\main\AndroidManifest.xml:32:9-64
35
36    <!-- Used for background service -->
37    <uses-permission android:name="android.permission.RECEIVE_BOOT_COMPLETED" />
37-->src\main\AndroidManifest.xml:36:5-81
37-->src\main\AndroidManifest.xml:36:22-78
38    <uses-permission android:name="android.permission.FOREGROUND_SERVICE" />
38-->src\main\AndroidManifest.xml:37:5-77
38-->src\main\AndroidManifest.xml:37:22-74
39    <uses-permission android:name="android.permission.REQUEST_COMPANION_RUN_IN_BACKGROUND" />
39-->src\main\AndroidManifest.xml:38:5-94
39-->src\main\AndroidManifest.xml:38:22-91
40
41    <!-- Used for reverse find device -->
42    <uses-permission android:name="android.permission.VIBRATE" />
42-->src\main\AndroidManifest.xml:41:5-66
42-->src\main\AndroidManifest.xml:41:22-63
43
44    <!-- Used for weather provider access -->
45    <uses-permission android:name="cyanogenmod.permission.ACCESS_WEATHER_MANAGER" />
45-->src\main\AndroidManifest.xml:44:5-85
45-->src\main\AndroidManifest.xml:44:22-82
46    <uses-permission android:name="cyanogenmod.permission.READ_WEATHER" />
46-->src\main\AndroidManifest.xml:45:5-75
46-->src\main\AndroidManifest.xml:45:22-72
47    <uses-permission android:name="lineageos.permission.ACCESS_WEATHER_MANAGER" />
47-->src\main\AndroidManifest.xml:46:5-83
47-->src\main\AndroidManifest.xml:46:22-80
48    <uses-permission android:name="lineageos.permission.READ_WEATHER" />
48-->src\main\AndroidManifest.xml:47:5-73
48-->src\main\AndroidManifest.xml:47:22-70
49    <uses-permission android:name="org.omnirom.omnijaws.READ_WEATHER" />
49-->src\main\AndroidManifest.xml:48:5-73
49-->src\main\AndroidManifest.xml:48:22-70
50
51    <uses-feature
51-->src\main\AndroidManifest.xml:51:5-53:35
52        android:name="android.hardware.bluetooth"
52-->src\main\AndroidManifest.xml:52:9-50
53        android:required="true" />
53-->src\main\AndroidManifest.xml:53:9-32
54    <uses-feature
54-->src\main\AndroidManifest.xml:54:5-56:36
55        android:name="android.hardware.bluetooth_le"
55-->src\main\AndroidManifest.xml:55:9-53
56        android:required="false" />
56-->src\main\AndroidManifest.xml:56:9-33
57    <uses-feature
57-->src\main\AndroidManifest.xml:57:5-59:36
58        android:name="android.hardware.telephony"
58-->src\main\AndroidManifest.xml:58:9-50
59        android:required="false" />
59-->src\main\AndroidManifest.xml:59:9-33
60    <uses-feature
60-->src\main\AndroidManifest.xml:60:5-62:36
61        android:name="android.software.companion_device_setup"
61-->src\main\AndroidManifest.xml:61:9-63
62        android:required="false" />
62-->src\main\AndroidManifest.xml:62:9-33
63
64    <uses-permission android:name="android.permission.REORDER_TASKS" />
64-->[androidx.fragment:fragment-testing:1.3.1] AndroidManifest.xml:25:5-72
64-->[androidx.fragment:fragment-testing:1.3.1] AndroidManifest.xml:25:22-69
65
66    <application
66-->src\main\AndroidManifest.xml:64:5-703:19
67        android:name="nodomain.freeyourgadget.gadgetbridge.GBApplication"
67-->src\main\AndroidManifest.xml:65:9-38
68        android:allowBackup="false"
68-->src\main\AndroidManifest.xml:66:9-36
69        android:appComponentFactory="androidx.core.app.CoreComponentFactory"
69-->[androidx.core:core:1.5.0] AndroidManifest.xml:24:18-86
70        android:debuggable="true"
71        android:extractNativeLibs="false"
72        android:fullBackupContent="false"
72-->src\main\AndroidManifest.xml:67:9-42
73        android:icon="@mipmap/ic_launcher"
73-->src\main\AndroidManifest.xml:68:9-43
74        android:label="@string/app_name"
74-->src\main\AndroidManifest.xml:69:9-41
75        android:requestLegacyExternalStorage="true"
75-->src\main\AndroidManifest.xml:71:9-52
76        android:roundIcon="@mipmap/ic_launcher_round"
76-->src\main\AndroidManifest.xml:70:9-54
77        android:supportsRtl="true"
77-->[com.github.wax911:android-emojify:0.1.7] AndroidManifest.xml:13:9-35
78        android:theme="@style/GadgetbridgeTheme" >
78-->src\main\AndroidManifest.xml:72:9-49
79        <activity
79-->src\main\AndroidManifest.xml:74:9-86:20
80            android:name="nodomain.freeyourgadget.gadgetbridge.activities.ControlCenterv2"
80-->src\main\AndroidManifest.xml:75:13-55
81            android:label="@string/title_activity_controlcenter"
81-->src\main\AndroidManifest.xml:76:13-65
82            android:launchMode="singleTop"
82-->src\main\AndroidManifest.xml:78:13-43
83            android:theme="@style/SplashTheme" >
83-->src\main\AndroidManifest.xml:77:13-47
84            <intent-filter>
84-->src\main\AndroidManifest.xml:79:13-85:29
85                <category android:name="android.intent.category.DEFAULT" />
85-->src\main\AndroidManifest.xml:80:17-76
85-->src\main\AndroidManifest.xml:80:27-73
86
87                <action android:name="android.intent.action.MAIN" />
87-->src\main\AndroidManifest.xml:82:17-69
87-->src\main\AndroidManifest.xml:82:25-66
88
89                <category android:name="android.intent.category.LAUNCHER" />
89-->src\main\AndroidManifest.xml:84:17-77
89-->src\main\AndroidManifest.xml:84:27-74
90            </intent-filter>
91        </activity>
92        <activity
92-->src\main\AndroidManifest.xml:87:9-90:72
93            android:name="nodomain.freeyourgadget.gadgetbridge.activities.SettingsActivity"
93-->src\main\AndroidManifest.xml:88:13-56
94            android:label="@string/title_activity_settings"
94-->src\main\AndroidManifest.xml:89:13-60
95            android:parentActivityName="nodomain.freeyourgadget.gadgetbridge.activities.ControlCenterv2" />
95-->src\main\AndroidManifest.xml:90:13-69
96        <activity
96-->src\main\AndroidManifest.xml:91:9-94:85
97            android:name="nodomain.freeyourgadget.gadgetbridge.activities.AboutUserPreferencesActivity"
97-->src\main\AndroidManifest.xml:92:13-68
98            android:label="@string/activity_prefs_about_you"
98-->src\main\AndroidManifest.xml:93:13-61
99            android:parentActivityName="nodomain.freeyourgadget.gadgetbridge.activities.AboutUserPreferencesActivity" />
99-->src\main\AndroidManifest.xml:94:13-82
100        <activity
100-->src\main\AndroidManifest.xml:95:9-98:89
101            android:name="nodomain.freeyourgadget.gadgetbridge.activities.charts.ChartsPreferencesActivity"
101-->src\main\AndroidManifest.xml:96:13-72
102            android:label="@string/activity_prefs_charts"
102-->src\main\AndroidManifest.xml:97:13-58
103            android:parentActivityName="nodomain.freeyourgadget.gadgetbridge.activities.charts.ChartsPreferencesActivity" />
103-->src\main\AndroidManifest.xml:98:13-86
104        <activity
104-->src\main\AndroidManifest.xml:99:9-102:73
105            android:name="nodomain.freeyourgadget.gadgetbridge.activities.DiscoveryPairingPreferenceActivity"
105-->src\main\AndroidManifest.xml:100:13-74
106            android:label="@string/activity_prefs_discovery_pairing"
106-->src\main\AndroidManifest.xml:101:13-69
107            android:parentActivityName="nodomain.freeyourgadget.gadgetbridge.activities.SettingsActivity" />
107-->src\main\AndroidManifest.xml:102:13-70
108        <activity
108-->src\main\AndroidManifest.xml:103:9-106:73
109            android:name="nodomain.freeyourgadget.gadgetbridge.devices.miband.MiBandPreferencesActivity"
109-->src\main\AndroidManifest.xml:104:13-69
110            android:label="@string/preferences_miband_settings"
110-->src\main\AndroidManifest.xml:105:13-64
111            android:parentActivityName="nodomain.freeyourgadget.gadgetbridge.activities.SettingsActivity" />
111-->src\main\AndroidManifest.xml:106:13-70
112        <activity
112-->src\main\AndroidManifest.xml:107:9-110:73
113            android:name="nodomain.freeyourgadget.gadgetbridge.devices.zetime.ZeTimePreferenceActivity"
113-->src\main\AndroidManifest.xml:108:13-68
114            android:label="@string/zetime_title_settings"
114-->src\main\AndroidManifest.xml:109:13-58
115            android:parentActivityName="nodomain.freeyourgadget.gadgetbridge.activities.SettingsActivity" />
115-->src\main\AndroidManifest.xml:110:13-70
116        <activity
116-->src\main\AndroidManifest.xml:111:9-114:72
117            android:name="nodomain.freeyourgadget.gadgetbridge.activities.ActivitySummariesActivity"
117-->src\main\AndroidManifest.xml:112:13-65
118            android:label="@string/activity_summaries"
118-->src\main\AndroidManifest.xml:113:13-55
119            android:parentActivityName="nodomain.freeyourgadget.gadgetbridge.activities.ControlCenterv2" />
119-->src\main\AndroidManifest.xml:114:13-69
120        <activity
120-->src\main\AndroidManifest.xml:115:9-119:72
121            android:name="nodomain.freeyourgadget.gadgetbridge.activities.appmanager.AppManagerActivity"
121-->src\main\AndroidManifest.xml:116:13-69
122            android:label="@string/title_activity_appmanager"
122-->src\main\AndroidManifest.xml:117:13-62
123            android:launchMode="singleTop"
123-->src\main\AndroidManifest.xml:118:13-43
124            android:parentActivityName="nodomain.freeyourgadget.gadgetbridge.activities.ControlCenterv2" />
124-->src\main\AndroidManifest.xml:119:13-69
125        <activity
125-->src\main\AndroidManifest.xml:120:9-123:73
126            android:name="nodomain.freeyourgadget.gadgetbridge.activities.AppBlacklistActivity"
126-->src\main\AndroidManifest.xml:121:13-60
127            android:label="@string/title_activity_notification_management"
127-->src\main\AndroidManifest.xml:122:13-75
128            android:parentActivityName="nodomain.freeyourgadget.gadgetbridge.activities.SettingsActivity" />
128-->src\main\AndroidManifest.xml:123:13-70
129        <activity
129-->src\main\AndroidManifest.xml:124:9-127:73
130            android:name="nodomain.freeyourgadget.gadgetbridge.activities.CalBlacklistActivity"
130-->src\main\AndroidManifest.xml:125:13-60
131            android:label="@string/title_activity_calblacklist"
131-->src\main\AndroidManifest.xml:126:13-64
132            android:parentActivityName="nodomain.freeyourgadget.gadgetbridge.activities.SettingsActivity" />
132-->src\main\AndroidManifest.xml:127:13-70
133        <activity
133-->src\main\AndroidManifest.xml:128:9-131:72
134            android:name="nodomain.freeyourgadget.gadgetbridge.devices.vesc.VescControlActivity"
134-->src\main\AndroidManifest.xml:129:13-61
135            android:label="@string/devicetype_vesc"
135-->src\main\AndroidManifest.xml:130:13-52
136            android:parentActivityName="nodomain.freeyourgadget.gadgetbridge.activities.ControlCenterv2" />
136-->src\main\AndroidManifest.xml:131:13-69
137        <activity
137-->src\main\AndroidManifest.xml:132:9-351:20
138            android:name="nodomain.freeyourgadget.gadgetbridge.activities.FwAppInstallerActivity"
138-->src\main\AndroidManifest.xml:133:13-62
139            android:label="@string/title_activity_fw_app_insaller"
139-->src\main\AndroidManifest.xml:134:13-67
140            android:parentActivityName="nodomain.freeyourgadget.gadgetbridge.activities.ControlCenterv2" >
140-->src\main\AndroidManifest.xml:135:13-69
141            <intent-filter>
141-->src\main\AndroidManifest.xml:136:13-229:29
142                <action android:name="android.intent.action.VIEW" />
142-->src\main\AndroidManifest.xml:137:17-69
142-->src\main\AndroidManifest.xml:137:25-66
143
144                <category android:name="android.intent.category.DEFAULT" />
144-->src\main\AndroidManifest.xml:80:17-76
144-->src\main\AndroidManifest.xml:80:27-73
145
146                <data android:mimeType="*/*" />
146-->src\main\AndroidManifest.xml:141:17-48
146-->src\main\AndroidManifest.xml:141:23-45
147                <!-- needed for aosp-derived ROMs? -->
148
149                <data android:host="*" />
149-->src\main\AndroidManifest.xml:141:17-48
149-->src\main\AndroidManifest.xml:144:23-39
150                <data android:scheme="file" />
150-->src\main\AndroidManifest.xml:141:17-48
150-->src\main\AndroidManifest.xml:145:23-44
151
152                <!-- as seen on openkeychain repo: https://github.com/open-keychain/open-keychain/blob/master/OpenKeychain/src/main/AndroidManifest.xml -->
153
154                <data android:pathPattern="/.*\\.fw" />
154-->src\main\AndroidManifest.xml:141:17-48
154-->src\main\AndroidManifest.xml:149:23-53
155                <data android:pathPattern="/.*\\..*\\.fw" />
155-->src\main\AndroidManifest.xml:141:17-48
155-->src\main\AndroidManifest.xml:149:23-53
156                <data android:pathPattern="/.*\\..*\\..*\\.fw" />
156-->src\main\AndroidManifest.xml:141:17-48
156-->src\main\AndroidManifest.xml:149:23-53
157                <data android:pathPattern="/.*\\..*\\..*\\..*\\.fw" />
157-->src\main\AndroidManifest.xml:141:17-48
157-->src\main\AndroidManifest.xml:149:23-53
158                <data android:pathPattern="/.*\\..*\\..*\\..*\\..*\\.fw" />
158-->src\main\AndroidManifest.xml:141:17-48
158-->src\main\AndroidManifest.xml:149:23-53
159                <data android:pathPattern="/.*\\..*\\..*\\..*\\..*\\..*\\.fw" />
159-->src\main\AndroidManifest.xml:141:17-48
159-->src\main\AndroidManifest.xml:149:23-53
160                <data android:pathPattern="/.*\\..*\\..*\\..*\\..*\\..*\\..*\\.fw" />
160-->src\main\AndroidManifest.xml:141:17-48
160-->src\main\AndroidManifest.xml:149:23-53
161                <data android:pathPattern="/.*\\..*\\..*\\..*\\..*\\..*\\..*\\..*\\.fw" />
161-->src\main\AndroidManifest.xml:141:17-48
161-->src\main\AndroidManifest.xml:149:23-53
162                <data android:pathPattern="/.*\\..*\\..*\\..*\\..*\\..*\\..*\\..*\\..*\\.fw" />
162-->src\main\AndroidManifest.xml:141:17-48
162-->src\main\AndroidManifest.xml:149:23-53
163                <data android:pathPattern="/.*\\..*\\..*\\..*\\..*\\..*\\..*\\..*\\..*\\..*\\.fw" />
163-->src\main\AndroidManifest.xml:141:17-48
163-->src\main\AndroidManifest.xml:149:23-53
164                <data android:pathPattern="/.*\\.ft.en" />
164-->src\main\AndroidManifest.xml:141:17-48
164-->src\main\AndroidManifest.xml:149:23-53
165                <data android:pathPattern="/.*\\..*\\.ft.en" />
165-->src\main\AndroidManifest.xml:141:17-48
165-->src\main\AndroidManifest.xml:149:23-53
166                <data android:pathPattern="/.*\\..*\\..*\\.ft.en" />
166-->src\main\AndroidManifest.xml:141:17-48
166-->src\main\AndroidManifest.xml:149:23-53
167                <data android:pathPattern="/.*\\..*\\..*\\..*\\.ft.en" />
167-->src\main\AndroidManifest.xml:141:17-48
167-->src\main\AndroidManifest.xml:149:23-53
168                <data android:pathPattern="/.*\\..*\\..*\\..*\\..*\\.ft.en" />
168-->src\main\AndroidManifest.xml:141:17-48
168-->src\main\AndroidManifest.xml:149:23-53
169                <data android:pathPattern="/.*\\..*\\..*\\..*\\..*\\..*\\.ft.en" />
169-->src\main\AndroidManifest.xml:141:17-48
169-->src\main\AndroidManifest.xml:149:23-53
170                <data android:pathPattern="/.*\\..*\\..*\\..*\\..*\\..*\\..*\\.ft.en" />
170-->src\main\AndroidManifest.xml:141:17-48
170-->src\main\AndroidManifest.xml:149:23-53
171                <data android:pathPattern="/.*\\..*\\..*\\..*\\..*\\..*\\..*\\..*\\.ft.en" />
171-->src\main\AndroidManifest.xml:141:17-48
171-->src\main\AndroidManifest.xml:149:23-53
172                <data android:pathPattern="/.*\\..*\\..*\\..*\\..*\\..*\\..*\\..*\\..*\\.ft.en" />
172-->src\main\AndroidManifest.xml:141:17-48
172-->src\main\AndroidManifest.xml:149:23-53
173                <data android:pathPattern="/.*\\..*\\..*\\..*\\..*\\..*\\..*\\..*\\..*\\..*\\.ft.en" />
173-->src\main\AndroidManifest.xml:141:17-48
173-->src\main\AndroidManifest.xml:149:23-53
174                <data android:pathPattern="/.*\\.ft" />
174-->src\main\AndroidManifest.xml:141:17-48
174-->src\main\AndroidManifest.xml:149:23-53
175                <data android:pathPattern="/.*\\..*\\.ft" />
175-->src\main\AndroidManifest.xml:141:17-48
175-->src\main\AndroidManifest.xml:149:23-53
176                <data android:pathPattern="/.*\\..*\\..*\\.ft" />
176-->src\main\AndroidManifest.xml:141:17-48
176-->src\main\AndroidManifest.xml:149:23-53
177                <data android:pathPattern="/.*\\..*\\..*\\..*\\.ft" />
177-->src\main\AndroidManifest.xml:141:17-48
177-->src\main\AndroidManifest.xml:149:23-53
178                <data android:pathPattern="/.*\\..*\\..*\\..*\\..*\\.ft" />
178-->src\main\AndroidManifest.xml:141:17-48
178-->src\main\AndroidManifest.xml:149:23-53
179                <data android:pathPattern="/.*\\..*\\..*\\..*\\..*\\..*\\.ft" />
179-->src\main\AndroidManifest.xml:141:17-48
179-->src\main\AndroidManifest.xml:149:23-53
180                <data android:pathPattern="/.*\\..*\\..*\\..*\\..*\\..*\\..*\\.ft" />
180-->src\main\AndroidManifest.xml:141:17-48
180-->src\main\AndroidManifest.xml:149:23-53
181                <data android:pathPattern="/.*\\..*\\..*\\..*\\..*\\..*\\..*\\..*\\.ft" />
181-->src\main\AndroidManifest.xml:141:17-48
181-->src\main\AndroidManifest.xml:149:23-53
182                <data android:pathPattern="/.*\\..*\\..*\\..*\\..*\\..*\\..*\\..*\\..*\\.ft" />
182-->src\main\AndroidManifest.xml:141:17-48
182-->src\main\AndroidManifest.xml:149:23-53
183                <data android:pathPattern="/.*\\..*\\..*\\..*\\..*\\..*\\..*\\..*\\..*\\..*\\.ft" />
183-->src\main\AndroidManifest.xml:141:17-48
183-->src\main\AndroidManifest.xml:149:23-53
184                <data android:pathPattern="/.*\\.res" />
184-->src\main\AndroidManifest.xml:141:17-48
184-->src\main\AndroidManifest.xml:149:23-53
185                <data android:pathPattern="/.*\\..*\\.res" />
185-->src\main\AndroidManifest.xml:141:17-48
185-->src\main\AndroidManifest.xml:149:23-53
186                <data android:pathPattern="/.*\\..*\\..*\\.res" />
186-->src\main\AndroidManifest.xml:141:17-48
186-->src\main\AndroidManifest.xml:149:23-53
187                <data android:pathPattern="/.*\\..*\\..*\\..*\\.res" />
187-->src\main\AndroidManifest.xml:141:17-48
187-->src\main\AndroidManifest.xml:149:23-53
188                <data android:pathPattern="/.*\\..*\\..*\\..*\\..*\\.res" />
188-->src\main\AndroidManifest.xml:141:17-48
188-->src\main\AndroidManifest.xml:149:23-53
189                <data android:pathPattern="/.*\\..*\\..*\\..*\\..*\\..*\\.res" />
189-->src\main\AndroidManifest.xml:141:17-48
189-->src\main\AndroidManifest.xml:149:23-53
190                <data android:pathPattern="/.*\\..*\\..*\\..*\\..*\\..*\\..*\\.res" />
190-->src\main\AndroidManifest.xml:141:17-48
190-->src\main\AndroidManifest.xml:149:23-53
191                <data android:pathPattern="/.*\\..*\\..*\\..*\\..*\\..*\\..*\\..*\\.res" />
191-->src\main\AndroidManifest.xml:141:17-48
191-->src\main\AndroidManifest.xml:149:23-53
192                <data android:pathPattern="/.*\\..*\\..*\\..*\\..*\\..*\\..*\\..*\\..*\\.res" />
192-->src\main\AndroidManifest.xml:141:17-48
192-->src\main\AndroidManifest.xml:149:23-53
193                <data android:pathPattern="/.*\\..*\\..*\\..*\\..*\\..*\\..*\\..*\\..*\\..*\\.res" />
193-->src\main\AndroidManifest.xml:141:17-48
193-->src\main\AndroidManifest.xml:149:23-53
194                <data android:pathPattern="/.*\\.gps" />
194-->src\main\AndroidManifest.xml:141:17-48
194-->src\main\AndroidManifest.xml:149:23-53
195                <data android:pathPattern="/.*\\..*\\.gps" />
195-->src\main\AndroidManifest.xml:141:17-48
195-->src\main\AndroidManifest.xml:149:23-53
196                <data android:pathPattern="/.*\\..*\\..*\\.gps" />
196-->src\main\AndroidManifest.xml:141:17-48
196-->src\main\AndroidManifest.xml:149:23-53
197                <data android:pathPattern="/.*\\..*\\..*\\..*\\.gps" />
197-->src\main\AndroidManifest.xml:141:17-48
197-->src\main\AndroidManifest.xml:149:23-53
198                <data android:pathPattern="/.*\\..*\\..*\\..*\\..*\\.gps" />
198-->src\main\AndroidManifest.xml:141:17-48
198-->src\main\AndroidManifest.xml:149:23-53
199                <data android:pathPattern="/.*\\..*\\..*\\..*\\..*\\..*\\.gps" />
199-->src\main\AndroidManifest.xml:141:17-48
199-->src\main\AndroidManifest.xml:149:23-53
200                <data android:pathPattern="/.*\\..*\\..*\\..*\\..*\\..*\\..*\\.gps" />
200-->src\main\AndroidManifest.xml:141:17-48
200-->src\main\AndroidManifest.xml:149:23-53
201                <data android:pathPattern="/.*\\..*\\..*\\..*\\..*\\..*\\..*\\..*\\.gps" />
201-->src\main\AndroidManifest.xml:141:17-48
201-->src\main\AndroidManifest.xml:149:23-53
202                <data android:pathPattern="/.*\\..*\\..*\\..*\\..*\\..*\\..*\\..*\\..*\\.gps" />
202-->src\main\AndroidManifest.xml:141:17-48
202-->src\main\AndroidManifest.xml:149:23-53
203                <data android:pathPattern="/.*\\..*\\..*\\..*\\..*\\..*\\..*\\..*\\..*\\..*\\.gps" />
203-->src\main\AndroidManifest.xml:141:17-48
203-->src\main\AndroidManifest.xml:149:23-53
204                <data android:pathPattern="/.*\\.pbw" />
204-->src\main\AndroidManifest.xml:141:17-48
204-->src\main\AndroidManifest.xml:149:23-53
205                <data android:pathPattern="/.*\\..*\\.pbw" />
205-->src\main\AndroidManifest.xml:141:17-48
205-->src\main\AndroidManifest.xml:149:23-53
206                <data android:pathPattern="/.*\\..*\\..*\\.pbw" />
206-->src\main\AndroidManifest.xml:141:17-48
206-->src\main\AndroidManifest.xml:149:23-53
207                <data android:pathPattern="/.*\\..*\\..*\\..*\\.pbw" />
207-->src\main\AndroidManifest.xml:141:17-48
207-->src\main\AndroidManifest.xml:149:23-53
208                <data android:pathPattern="/.*\\..*\\..*\\..*\\..*\\.pbw" />
208-->src\main\AndroidManifest.xml:141:17-48
208-->src\main\AndroidManifest.xml:149:23-53
209                <data android:pathPattern="/.*\\..*\\..*\\..*\\..*\\..*\\.pbw" />
209-->src\main\AndroidManifest.xml:141:17-48
209-->src\main\AndroidManifest.xml:149:23-53
210                <data android:pathPattern="/.*\\..*\\..*\\..*\\..*\\..*\\..*\\.pbw" />
210-->src\main\AndroidManifest.xml:141:17-48
210-->src\main\AndroidManifest.xml:149:23-53
211                <data android:pathPattern="/.*\\..*\\..*\\..*\\..*\\..*\\..*\\..*\\.pbw" />
211-->src\main\AndroidManifest.xml:141:17-48
211-->src\main\AndroidManifest.xml:149:23-53
212                <data android:pathPattern="/.*\\..*\\..*\\..*\\..*\\..*\\..*\\..*\\..*\\.pbw" />
212-->src\main\AndroidManifest.xml:141:17-48
212-->src\main\AndroidManifest.xml:149:23-53
213                <data android:pathPattern="/.*\\..*\\..*\\..*\\..*\\..*\\..*\\..*\\..*\\..*\\.pbw" />
213-->src\main\AndroidManifest.xml:141:17-48
213-->src\main\AndroidManifest.xml:149:23-53
214                <data android:pathPattern="/.*\\.pbz" />
214-->src\main\AndroidManifest.xml:141:17-48
214-->src\main\AndroidManifest.xml:149:23-53
215                <data android:pathPattern="/.*\\..*\\.pbz" />
215-->src\main\AndroidManifest.xml:141:17-48
215-->src\main\AndroidManifest.xml:149:23-53
216                <data android:pathPattern="/.*\\..*\\..*\\.pbz" />
216-->src\main\AndroidManifest.xml:141:17-48
216-->src\main\AndroidManifest.xml:149:23-53
217                <data android:pathPattern="/.*\\..*\\..*\\..*\\.pbz" />
217-->src\main\AndroidManifest.xml:141:17-48
217-->src\main\AndroidManifest.xml:149:23-53
218                <data android:pathPattern="/.*\\..*\\..*\\..*\\..*\\.pbz" />
218-->src\main\AndroidManifest.xml:141:17-48
218-->src\main\AndroidManifest.xml:149:23-53
219                <data android:pathPattern="/.*\\..*\\..*\\..*\\..*\\..*\\.pbz" />
219-->src\main\AndroidManifest.xml:141:17-48
219-->src\main\AndroidManifest.xml:149:23-53
220                <data android:pathPattern="/.*\\..*\\..*\\..*\\..*\\..*\\..*\\.pbz" />
220-->src\main\AndroidManifest.xml:141:17-48
220-->src\main\AndroidManifest.xml:149:23-53
221                <data android:pathPattern="/.*\\..*\\..*\\..*\\..*\\..*\\..*\\..*\\.pbz" />
221-->src\main\AndroidManifest.xml:141:17-48
221-->src\main\AndroidManifest.xml:149:23-53
222                <data android:pathPattern="/.*\\..*\\..*\\..*\\..*\\..*\\..*\\..*\\..*\\.pbz" />
222-->src\main\AndroidManifest.xml:141:17-48
222-->src\main\AndroidManifest.xml:149:23-53
223                <data android:pathPattern="/.*\\..*\\..*\\..*\\..*\\..*\\..*\\..*\\..*\\..*\\.pbz" />
223-->src\main\AndroidManifest.xml:141:17-48
223-->src\main\AndroidManifest.xml:149:23-53
224                <data android:pathPattern="/.*\\.pbl" />
224-->src\main\AndroidManifest.xml:141:17-48
224-->src\main\AndroidManifest.xml:149:23-53
225                <data android:pathPattern="/.*\\..*\\.pbl" />
225-->src\main\AndroidManifest.xml:141:17-48
225-->src\main\AndroidManifest.xml:149:23-53
226                <data android:pathPattern="/.*\\..*\\..*\\.pbl" />
226-->src\main\AndroidManifest.xml:141:17-48
226-->src\main\AndroidManifest.xml:149:23-53
227                <data android:pathPattern="/.*\\..*\\..*\\..*\\.pbl" />
227-->src\main\AndroidManifest.xml:141:17-48
227-->src\main\AndroidManifest.xml:149:23-53
228                <data android:pathPattern="/.*\\..*\\..*\\..*\\..*\\.pbl" />
228-->src\main\AndroidManifest.xml:141:17-48
228-->src\main\AndroidManifest.xml:149:23-53
229                <data android:pathPattern="/.*\\..*\\..*\\..*\\..*\\..*\\.pbl" />
229-->src\main\AndroidManifest.xml:141:17-48
229-->src\main\AndroidManifest.xml:149:23-53
230                <data android:pathPattern="/.*\\..*\\..*\\..*\\..*\\..*\\..*\\.pbl" />
230-->src\main\AndroidManifest.xml:141:17-48
230-->src\main\AndroidManifest.xml:149:23-53
231                <data android:pathPattern="/.*\\..*\\..*\\..*\\..*\\..*\\..*\\..*\\.pbl" />
231-->src\main\AndroidManifest.xml:141:17-48
231-->src\main\AndroidManifest.xml:149:23-53
232                <data android:pathPattern="/.*\\..*\\..*\\..*\\..*\\..*\\..*\\..*\\..*\\.pbl" />
232-->src\main\AndroidManifest.xml:141:17-48
232-->src\main\AndroidManifest.xml:149:23-53
233                <data android:pathPattern="/.*\\..*\\..*\\..*\\..*\\..*\\..*\\..*\\..*\\..*\\.pbl" />
233-->src\main\AndroidManifest.xml:141:17-48
233-->src\main\AndroidManifest.xml:149:23-53
234            </intent-filter>
235            <intent-filter>
235-->src\main\AndroidManifest.xml:230:13-322:29
236                <action android:name="android.intent.action.VIEW" />
236-->src\main\AndroidManifest.xml:137:17-69
236-->src\main\AndroidManifest.xml:137:25-66
237
238                <category android:name="android.intent.category.DEFAULT" />
238-->src\main\AndroidManifest.xml:80:17-76
238-->src\main\AndroidManifest.xml:80:27-73
239
240                <!-- no mimeType filter, needed for CM-derived ROMs? -->
241
242                <data android:host="*" />
242-->src\main\AndroidManifest.xml:141:17-48
242-->src\main\AndroidManifest.xml:144:23-39
243                <data android:scheme="file" />